2014/12/29 10:29:18 [error] [exception.CHttpException.404] exception 'CHttpException' with message 'Unable to resolve the request "gii".' in /Library/Server/Web/Data/Sites/Default/sistema/dropbox/pcmac/yii/framework/web/CWebApplication.php:286
Stack trace:
#0 /Library/Server/Web/Data/Sites/Default/sistema/dropbox/pcmac/yii/framework/web/CWebApplication.php(141): CWebApplication->runController('gii')
#1 /Library/Server/Web/Data/Sites/Default/sistema/dropbox/pcmac/yii/framework/base/CApplication.php(180): CWebApplication->processRequest()
#2 /Library/Server/Web/Data/Sites/Default/sistema/dropbox/pcmac/servicios/index.php(13): CApplication->run()
#3 {main}
REQUEST_URI=/sistema/dropbox/pcmac/servicios/index.php?r=gii
---
2014/12/29 10:29:26 [error] [exception.CHttpException.404] exception 'CHttpException' with message 'Unable to resolve the request "gii".' in /Library/Server/Web/Data/Sites/Default/sistema/dropbox/pcmac/yii/framework/web/CWebApplication.php:286
Stack trace:
#0 /Library/Server/Web/Data/Sites/Default/sistema/dropbox/pcmac/yii/framework/web/CWebApplication.php(141): CWebApplication->runController('gii')
#1 /Library/Server/Web/Data/Sites/Default/sistema/dropbox/pcmac/yii/framework/base/CApplication.php(180): CWebApplication->processRequest()
#2 /Library/Server/Web/Data/Sites/Default/sistema/dropbox/pcmac/servicios/index.php(13): CApplication->run()
#3 {main}
REQUEST_URI=/sistema/dropbox/pcmac/servicios/index.php?r=gii
---
2014/12/29 10:34:13 [error] [exception.CHttpException.404] exception 'CHttpException' with message 'Unable to resolve the request "gii".' in /Library/Server/Web/Data/Sites/Default/sistema/dropbox/pcmac/yii/framework/web/CWebApplication.php:286
Stack trace:
#0 /Library/Server/Web/Data/Sites/Default/sistema/dropbox/pcmac/yii/framework/web/CWebApplication.php(141): CWebApplication->runController('gii')
#1 /Library/Server/Web/Data/Sites/Default/sistema/dropbox/pcmac/yii/framework/base/CApplication.php(180): CWebApplication->processRequest()
#2 /Library/Server/Web/Data/Sites/Default/sistema/dropbox/pcmac/servicios/index.php(13): CApplication->run()
#3 {main}
REQUEST_URI=/sistema/dropbox/pcmac/servicios/index.php?r=gii
---
2014/12/29 10:35:44 [error] [exception.CHttpException.404] exception 'CHttpException' with message 'Unable to resolve the request "gii".' in /Library/Server/Web/Data/Sites/Default/sistema/dropbox/pcmac/yii/framework/web/CWebApplication.php:286
Stack trace:
#0 /Library/Server/Web/Data/Sites/Default/sistema/dropbox/pcmac/yii/framework/web/CWebApplication.php(141): CWebApplication->runController('gii')
#1 /Library/Server/Web/Data/Sites/Default/sistema/dropbox/pcmac/yii/framework/base/CApplication.php(180): CWebApplication->processRequest()
#2 /Library/Server/Web/Data/Sites/Default/sistema/dropbox/pcmac/servicios/index.php(13): CApplication->run()
#3 {main}
REQUEST_URI=/sistema/dropbox/pcmac/servicios/index.php?r=gii
---
2014/12/29 10:36:28 [error] [exception.CHttpException.404] exception 'CHttpException' with message 'Unable to resolve the request "gii".' in /Library/Server/Web/Data/Sites/Default/sistema/dropbox/pcmac/yii/framework/web/CWebApplication.php:286
Stack trace:
#0 /Library/Server/Web/Data/Sites/Default/sistema/dropbox/pcmac/yii/framework/web/CWebApplication.php(141): CWebApplication->runController('gii')
#1 /Library/Server/Web/Data/Sites/Default/sistema/dropbox/pcmac/yii/framework/base/CApplication.php(180): CWebApplication->processRequest()
#2 /Library/Server/Web/Data/Sites/Default/sistema/dropbox/pcmac/servicios/index.php(13): CApplication->run()
#3 {main}
REQUEST_URI=/sistema/dropbox/pcmac/servicios/index.php?r=gii
---
2014/12/29 10:37:04 [error] [exception.CHttpException.404] exception 'CHttpException' with message 'Unable to resolve the request "gii".' in /Library/Server/Web/Data/Sites/Default/sistema/dropbox/pcmac/yii/framework/web/CWebApplication.php:286
Stack trace:
#0 /Library/Server/Web/Data/Sites/Default/sistema/dropbox/pcmac/yii/framework/web/CWebApplication.php(141): CWebApplication->runController('gii')
#1 /Library/Server/Web/Data/Sites/Default/sistema/dropbox/pcmac/yii/framework/base/CApplication.php(180): CWebApplication->processRequest()
#2 /Library/Server/Web/Data/Sites/Default/sistema/dropbox/pcmac/servicios/index.php(13): CApplication->run()
#3 {main}
REQUEST_URI=/sistema/dropbox/pcmac/servicios/index.php?r=gii
---
2014/12/29 14:32:43 [error] [php] include(Usuarios.php): failed to open stream: No such file or directory (/Library/Server/Web/Data/Sites/Default/sistema/dropbox/pcmac/yii/framework/YiiBase.php:427)
Stack trace:
#0 /Library/Server/Web/Data/Sites/Default/sistema/dropbox/pcmac/servicios/protected/components/UserIdentity.php(20): spl_autoload_call()
#1 /Library/Server/Web/Data/Sites/Default/sistema/dropbox/pcmac/servicios/protected/models/LoginForm.php(54): UserIdentity->authenticate()
#2 /Library/Server/Web/Data/Sites/Default/sistema/dropbox/pcmac/yii/framework/validators/CInlineValidator.php(42): LoginForm->authenticate()
#3 /Library/Server/Web/Data/Sites/Default/sistema/dropbox/pcmac/yii/framework/validators/CValidator.php(213): CInlineValidator->validateAttribute()
#4 /Library/Server/Web/Data/Sites/Default/sistema/dropbox/pcmac/yii/framework/base/CModel.php(159): CInlineValidator->validate()
#5 /Library/Server/Web/Data/Sites/Default/sistema/dropbox/pcmac/servicios/protected/controllers/SiteController.php(94): LoginForm->validate()
#6 /Library/Server/Web/Data/Sites/Default/sistema/dropbox/pcmac/yii/framework/web/actions/CInlineAction.php(49): SiteController->actionLogin()
#7 /Library/Server/Web/Data/Sites/Default/sistema/dropbox/pcmac/yii/framework/web/CController.php(308): CInlineAction->runWithParams()
#8 /Library/Server/Web/Data/Sites/Default/sistema/dropbox/pcmac/yii/framework/web/CController.php(286): SiteController->runAction()
#9 /Library/Server/Web/Data/Sites/Default/sistema/dropbox/pcmac/yii/framework/web/CController.php(265): SiteController->runActionWithFilters()
#10 /Library/Server/Web/Data/Sites/Default/sistema/dropbox/pcmac/yii/framework/web/CWebApplication.php(282): SiteController->run()
#11 /Library/Server/Web/Data/Sites/Default/sistema/dropbox/pcmac/yii/framework/web/CWebApplication.php(141): CWebApplication->runController()
#12 /Library/Server/Web/Data/Sites/Default/sistema/dropbox/pcmac/yii/framework/base/CApplication.php(180): CWebApplication->processRequest()
#13 /Library/Server/Web/Data/Sites/Default/sistema/dropbox/pcmac/servicios/index.php(13): CWebApplication->run()
REQUEST_URI=/sistema/dropbox/pcmac/servicios/index.php?r=site/login
in /Library/Server/Web/Data/Sites/Default/sistema/dropbox/pcmac/servicios/protected/components/UserIdentity.php (20)
in /Library/Server/Web/Data/Sites/Default/sistema/dropbox/pcmac/servicios/protected/models/LoginForm.php (54)
in /Library/Server/Web/Data/Sites/Default/sistema/dropbox/pcmac/servicios/protected/controllers/SiteController.php (94)
2014/12/29 14:33:17 [error] [php] include(Usuarios.php): failed to open stream: No such file or directory (/Library/Server/Web/Data/Sites/Default/sistema/dropbox/pcmac/yii/framework/YiiBase.php:427)
Stack trace:
#0 /Library/Server/Web/Data/Sites/Default/sistema/dropbox/pcmac/servicios/protected/components/UserIdentity.php(20): spl_autoload_call()
#1 /Library/Server/Web/Data/Sites/Default/sistema/dropbox/pcmac/servicios/protected/models/LoginForm.php(54): UserIdentity->authenticate()
#2 /Library/Server/Web/Data/Sites/Default/sistema/dropbox/pcmac/yii/framework/validators/CInlineValidator.php(42): LoginForm->authenticate()
#3 /Library/Server/Web/Data/Sites/Default/sistema/dropbox/pcmac/yii/framework/validators/CValidator.php(213): CInlineValidator->validateAttribute()
#4 /Library/Server/Web/Data/Sites/Default/sistema/dropbox/pcmac/yii/framework/base/CModel.php(159): CInlineValidator->validate()
#5 /Library/Server/Web/Data/Sites/Default/sistema/dropbox/pcmac/servicios/protected/controllers/SiteController.php(94): LoginForm->validate()
#6 /Library/Server/Web/Data/Sites/Default/sistema/dropbox/pcmac/yii/framework/web/actions/CInlineAction.php(49): SiteController->actionLogin()
#7 /Library/Server/Web/Data/Sites/Default/sistema/dropbox/pcmac/yii/framework/web/CController.php(308): CInlineAction->runWithParams()
#8 /Library/Server/Web/Data/Sites/Default/sistema/dropbox/pcmac/yii/framework/web/CController.php(286): SiteController->runAction()
#9 /Library/Server/Web/Data/Sites/Default/sistema/dropbox/pcmac/yii/framework/web/CController.php(265): SiteController->runActionWithFilters()
#10 /Library/Server/Web/Data/Sites/Default/sistema/dropbox/pcmac/yii/framework/web/CWebApplication.php(282): SiteController->run()
#11 /Library/Server/Web/Data/Sites/Default/sistema/dropbox/pcmac/yii/framework/web/CWebApplication.php(141): CWebApplication->runController()
#12 /Library/Server/Web/Data/Sites/Default/sistema/dropbox/pcmac/yii/framework/base/CApplication.php(180): CWebApplication->processRequest()
#13 /Library/Server/Web/Data/Sites/Default/sistema/dropbox/pcmac/servicios/index.php(13): CWebApplication->run()
REQUEST_URI=/sistema/dropbox/pcmac/servicios/index.php?r=site/login
in /Library/Server/Web/Data/Sites/Default/sistema/dropbox/pcmac/servicios/protected/components/UserIdentity.php (20)
in /Library/Server/Web/Data/Sites/Default/sistema/dropbox/pcmac/servicios/protected/models/LoginForm.php (54)
in /Library/Server/Web/Data/Sites/Default/sistema/dropbox/pcmac/servicios/protected/controllers/SiteController.php (94)
2014/12/29 14:33:30 [error] [php] include(Usuarios.php): failed to open stream: No such file or directory (/Library/Server/Web/Data/Sites/Default/sistema/dropbox/pcmac/yii/framework/YiiBase.php:427)
Stack trace:
#0 /Library/Server/Web/Data/Sites/Default/sistema/dropbox/pcmac/servicios/protected/components/UserIdentity.php(20): spl_autoload_call()
#1 /Library/Server/Web/Data/Sites/Default/sistema/dropbox/pcmac/servicios/protected/models/LoginForm.php(54): UserIdentity->authenticate()
#2 /Library/Server/Web/Data/Sites/Default/sistema/dropbox/pcmac/yii/framework/validators/CInlineValidator.php(42): LoginForm->authenticate()
#3 /Library/Server/Web/Data/Sites/Default/sistema/dropbox/pcmac/yii/framework/validators/CValidator.php(213): CInlineValidator->validateAttribute()
#4 /Library/Server/Web/Data/Sites/Default/sistema/dropbox/pcmac/yii/framework/base/CModel.php(159): CInlineValidator->validate()
#5 /Library/Server/Web/Data/Sites/Default/sistema/dropbox/pcmac/servicios/protected/controllers/SiteController.php(94): LoginForm->validate()
#6 /Library/Server/Web/Data/Sites/Default/sistema/dropbox/pcmac/yii/framework/web/actions/CInlineAction.php(49): SiteController->actionLogin()
#7 /Library/Server/Web/Data/Sites/Default/sistema/dropbox/pcmac/yii/framework/web/CController.php(308): CInlineAction->runWithParams()
#8 /Library/Server/Web/Data/Sites/Default/sistema/dropbox/pcmac/yii/framework/web/CController.php(286): SiteController->runAction()
#9 /Library/Server/Web/Data/Sites/Default/sistema/dropbox/pcmac/yii/framework/web/CController.php(265): SiteController->runActionWithFilters()
#10 /Library/Server/Web/Data/Sites/Default/sistema/dropbox/pcmac/yii/framework/web/CWebApplication.php(282): SiteController->run()
#11 /Library/Server/Web/Data/Sites/Default/sistema/dropbox/pcmac/yii/framework/web/CWebApplication.php(141): CWebApplication->runController()
#12 /Library/Server/Web/Data/Sites/Default/sistema/dropbox/pcmac/yii/framework/base/CApplication.php(180): CWebApplication->processRequest()
#13 /Library/Server/Web/Data/Sites/Default/sistema/dropbox/pcmac/servicios/index.php(13): CWebApplication->run()
REQUEST_URI=/sistema/dropbox/pcmac/servicios/index.php?r=site/login
in /Library/Server/Web/Data/Sites/Default/sistema/dropbox/pcmac/servicios/protected/components/UserIdentity.php (20)
in /Library/Server/Web/Data/Sites/Default/sistema/dropbox/pcmac/servicios/protected/models/LoginForm.php (54)
in /Library/Server/Web/Data/Sites/Default/sistema/dropbox/pcmac/servicios/protected/controllers/SiteController.php (94)
2014/12/29 15:03:37 [error] [exception.CException] exception 'CException' with message 'La propiedad "CWebUser"."usuario" no se encuentra definida.' in /Library/Server/Web/Data/Sites/Default/sistema/dropbox/pcmac/yii/framework/base/CComponent.php:130
Stack trace:
#0 /Library/Server/Web/Data/Sites/Default/sistema/dropbox/pcmac/yii/framework/web/auth/CWebUser.php(146): CComponent->__get('usuario')
#1 /Library/Server/Web/Data/Sites/Default/sistema/dropbox/pcmac/servicios/protected/views/ordenservicio/create.php(18): CWebUser->__get('usuario')
#2 /Library/Server/Web/Data/Sites/Default/sistema/dropbox/pcmac/yii/framework/web/CBaseController.php(126): require('/Library/Server...')
#3 /Library/Server/Web/Data/Sites/Default/sistema/dropbox/pcmac/yii/framework/web/CBaseController.php(95): CBaseController->renderInternal('/Library/Server...', Array, true)
#4 /Library/Server/Web/Data/Sites/Default/sistema/dropbox/pcmac/yii/framework/web/CController.php(869): CBaseController->renderFile('/Library/Server...', Array, true)
#5 /Library/Server/Web/Data/Sites/Default/sistema/dropbox/pcmac/yii/framework/web/CController.php(782): CController->renderPartial('create', Array, true)
#6 /Library/Server/Web/Data/Sites/Default/sistema/dropbox/pcmac/servicios/protected/controllers/OrdenservicioController.php(80): CController->render('create', Array)
#7 /Library/Server/Web/Data/Sites/Default/sistema/dropbox/pcmac/yii/framework/web/actions/CInlineAction.php(49): OrdenServicioController->actionCreate()
#8 /Library/Server/Web/Data/Sites/Default/sistema/dropbox/pcmac/yii/framework/web/CController.php(308): CInlineAction->runWithParams(Array)
#9 /Library/Server/Web/Data/Sites/Default/sistema/dropbox/pcmac/yii/framework/web/filters/CFilterChain.php(133): CController->runAction(Object(CInlineAction))
#10 /Library/Server/Web/Data/Sites/Default/sistema/dropbox/pcmac/yii/framework/web/filters/CFilter.php(40): CFilterChain->run()
#11 /Library/Server/Web/Data/Sites/Default/sistema/dropbox/pcmac/yii/framework/web/CController.php(1145): CFilter->filter(Object(CFilterChain))
#12 /Library/Server/Web/Data/Sites/Default/sistema/dropbox/pcmac/yii/framework/web/filters/CInlineFilter.php(58): CController->filterAccessControl(Object(CFilterChain))
#13 /Library/Server/Web/Data/Sites/Default/sistema/dropbox/pcmac/yii/framework/web/filters/CFilterChain.php(130): CInlineFilter->filter(Object(CFilterChain))
#14 /Library/Server/Web/Data/Sites/Default/sistema/dropbox/pcmac/yii/framework/web/CController.php(291): CFilterChain->run()
#15 /Library/Server/Web/Data/Sites/Default/sistema/dropbox/pcmac/yii/framework/web/CController.php(265): CController->runActionWithFilters(Object(CInlineAction), Array)
#16 /Library/Server/Web/Data/Sites/Default/sistema/dropbox/pcmac/yii/framework/web/CWebApplication.php(282): CController->run('create')
#17 /Library/Server/Web/Data/Sites/Default/sistema/dropbox/pcmac/yii/framework/web/CWebApplication.php(141): CWebApplication->runController('ordenservicio/c...')
#18 /Library/Server/Web/Data/Sites/Default/sistema/dropbox/pcmac/yii/framework/base/CApplication.php(180): CWebApplication->processRequest()
#19 /Library/Server/Web/Data/Sites/Default/sistema/dropbox/pcmac/servicios/index.php(13): CApplication->run()
#20 {main}
REQUEST_URI=/sistema/dropbox/pcmac/servicios/index.php?r=ordenservicio/create
---
2014/12/29 15:38:46 [error] [exception.CException] exception 'CException' with message 'La propiedad "CJuiDatePicker"."dateFormat" no se encuentra definida.' in /Library/Server/Web/Data/Sites/Default/sistema/dropbox/pcmac/yii/framework/base/CComponent.php:173
Stack trace:
#0 /Library/Server/Web/Data/Sites/Default/sistema/dropbox/pcmac/yii/framework/web/CWidgetFactory.php(161): CComponent->__set('dateFormat', 'yy-mm-dd')
#1 /Library/Server/Web/Data/Sites/Default/sistema/dropbox/pcmac/yii/framework/web/CBaseController.php(146): CWidgetFactory->createWidget(Object(OrdenServicioController), 'zii.widgets.jui...', Array)
#2 /Library/Server/Web/Data/Sites/Default/sistema/dropbox/pcmac/yii/framework/web/CBaseController.php(172): CBaseController->createWidget('zii.widgets.jui...', Array)
#3 /Library/Server/Web/Data/Sites/Default/sistema/dropbox/pcmac/servicios/protected/views/ordenservicio/_form.php(81): CBaseController->widget('zii.widgets.jui...', Array)
#4 /Library/Server/Web/Data/Sites/Default/sistema/dropbox/pcmac/yii/framework/web/CBaseController.php(126): require('/Library/Server...')
#5 /Library/Server/Web/Data/Sites/Default/sistema/dropbox/pcmac/yii/framework/web/CBaseController.php(95): CBaseController->renderInternal('/Library/Server...', Array, true)
#6 /Library/Server/Web/Data/Sites/Default/sistema/dropbox/pcmac/yii/framework/web/CController.php(869): CBaseController->renderFile('/Library/Server...', Array, true)
#7 /Library/Server/Web/Data/Sites/Default/sistema/dropbox/pcmac/servicios/protected/views/ordenservicio/create.php(19): CController->renderPartial('_form', Array)
#8 /Library/Server/Web/Data/Sites/Default/sistema/dropbox/pcmac/yii/framework/web/CBaseController.php(126): require('/Library/Server...')
#9 /Library/Server/Web/Data/Sites/Default/sistema/dropbox/pcmac/yii/framework/web/CBaseController.php(95): CBaseController->renderInternal('/Library/Server...', Array, true)
#10 /Library/Server/Web/Data/Sites/Default/sistema/dropbox/pcmac/yii/framework/web/CController.php(869): CBaseController->renderFile('/Library/Server...', Array, true)
#11 /Library/Server/Web/Data/Sites/Default/sistema/dropbox/pcmac/yii/framework/web/CController.php(782): CController->renderPartial('create', Array, true)
#12 /Library/Server/Web/Data/Sites/Default/sistema/dropbox/pcmac/servicios/protected/controllers/OrdenservicioController.php(80): CController->render('create', Array)
#13 /Library/Server/Web/Data/Sites/Default/sistema/dropbox/pcmac/yii/framework/web/actions/CInlineAction.php(49): OrdenServicioController->actionCreate()
#14 /Library/Server/Web/Data/Sites/Default/sistema/dropbox/pcmac/yii/framework/web/CController.php(308): CInlineAction->runWithParams(Array)
#15 /Library/Server/Web/Data/Sites/Default/sistema/dropbox/pcmac/yii/framework/web/filters/CFilterChain.php(133): CController->runAction(Object(CInlineAction))
#16 /Library/Server/Web/Data/Sites/Default/sistema/dropbox/pcmac/yii/framework/web/filters/CFilter.php(40): CFilterChain->run()
#17 /Library/Server/Web/Data/Sites/Default/sistema/dropbox/pcmac/yii/framework/web/CController.php(1145): CFilter->filter(Object(CFilterChain))
#18 /Library/Server/Web/Data/Sites/Default/sistema/dropbox/pcmac/yii/framework/web/filters/CInlineFilter.php(58): CController->filterAccessControl(Object(CFilterChain))
#19 /Library/Server/Web/Data/Sites/Default/sistema/dropbox/pcmac/yii/framework/web/filters/CFilterChain.php(130): CInlineFilter->filter(Object(CFilterChain))
#20 /Library/Server/Web/Data/Sites/Default/sistema/dropbox/pcmac/yii/framework/web/CController.php(291): CFilterChain->run()
#21 /Library/Server/Web/Data/Sites/Default/sistema/dropbox/pcmac/yii/framework/web/CController.php(265): CController->runActionWithFilters(Object(CInlineAction), Array)
#22 /Library/Server/Web/Data/Sites/Default/sistema/dropbox/pcmac/yii/framework/web/CWebApplication.php(282): CController->run('create')
#23 /Library/Server/Web/Data/Sites/Default/sistema/dropbox/pcmac/yii/framework/web/CWebApplication.php(141): CWebApplication->runController('ordenservicio/c...')
#24 /Library/Server/Web/Data/Sites/Default/sistema/dropbox/pcmac/yii/framework/base/CApplication.php(180): CWebApplication->processRequest()
#25 /Library/Server/Web/Data/Sites/Default/sistema/dropbox/pcmac/servicios/index.php(13): CApplication->run()
#26 {main}
REQUEST_URI=/sistema/dropbox/pcmac/servicios/index.php?r=ordenservicio/create
HTTP_REFERER=http://190.145.25.126/sistema/dropbox/pcmac/servicios/index.php?r=ordenservicio/create
---
2014/12/29 15:39:06 [error] [exception.CException] exception 'CException' with message 'La propiedad "CJuiDatePicker"."dateFormat" no se encuentra definida.' in /Library/Server/Web/Data/Sites/Default/sistema/dropbox/pcmac/yii/framework/base/CComponent.php:173
Stack trace:
#0 /Library/Server/Web/Data/Sites/Default/sistema/dropbox/pcmac/yii/framework/web/CWidgetFactory.php(161): CComponent->__set('dateFormat', 'yy-mm-dd')
#1 /Library/Server/Web/Data/Sites/Default/sistema/dropbox/pcmac/yii/framework/web/CBaseController.php(146): CWidgetFactory->createWidget(Object(OrdenServicioController), 'zii.widgets.jui...', Array)
#2 /Library/Server/Web/Data/Sites/Default/sistema/dropbox/pcmac/yii/framework/web/CBaseController.php(172): CBaseController->createWidget('zii.widgets.jui...', Array)
#3 /Library/Server/Web/Data/Sites/Default/sistema/dropbox/pcmac/servicios/protected/views/ordenservicio/_form.php(81): CBaseController->widget('zii.widgets.jui...', Array)
#4 /Library/Server/Web/Data/Sites/Default/sistema/dropbox/pcmac/yii/framework/web/CBaseController.php(126): require('/Library/Server...')
#5 /Library/Server/Web/Data/Sites/Default/sistema/dropbox/pcmac/yii/framework/web/CBaseController.php(95): CBaseController->renderInternal('/Library/Server...', Array, true)
#6 /Library/Server/Web/Data/Sites/Default/sistema/dropbox/pcmac/yii/framework/web/CController.php(869): CBaseController->renderFile('/Library/Server...', Array, true)
#7 /Library/Server/Web/Data/Sites/Default/sistema/dropbox/pcmac/servicios/protected/views/ordenservicio/create.php(19): CController->renderPartial('_form', Array)
#8 /Library/Server/Web/Data/Sites/Default/sistema/dropbox/pcmac/yii/framework/web/CBaseController.php(126): require('/Library/Server...')
#9 /Library/Server/Web/Data/Sites/Default/sistema/dropbox/pcmac/yii/framework/web/CBaseController.php(95): CBaseController->renderInternal('/Library/Server...', Array, true)
#10 /Library/Server/Web/Data/Sites/Default/sistema/dropbox/pcmac/yii/framework/web/CController.php(869): CBaseController->renderFile('/Library/Server...', Array, true)
#11 /Library/Server/Web/Data/Sites/Default/sistema/dropbox/pcmac/yii/framework/web/CController.php(782): CController->renderPartial('create', Array, true)
#12 /Library/Server/Web/Data/Sites/Default/sistema/dropbox/pcmac/servicios/protected/controllers/OrdenservicioController.php(80): CController->render('create', Array)
#13 /Library/Server/Web/Data/Sites/Default/sistema/dropbox/pcmac/yii/framework/web/actions/CInlineAction.php(49): OrdenServicioController->actionCreate()
#14 /Library/Server/Web/Data/Sites/Default/sistema/dropbox/pcmac/yii/framework/web/CController.php(308): CInlineAction->runWithParams(Array)
#15 /Library/Server/Web/Data/Sites/Default/sistema/dropbox/pcmac/yii/framework/web/filters/CFilterChain.php(133): CController->runAction(Object(CInlineAction))
#16 /Library/Server/Web/Data/Sites/Default/sistema/dropbox/pcmac/yii/framework/web/filters/CFilter.php(40): CFilterChain->run()
#17 /Library/Server/Web/Data/Sites/Default/sistema/dropbox/pcmac/yii/framework/web/CController.php(1145): CFilter->filter(Object(CFilterChain))
#18 /Library/Server/Web/Data/Sites/Default/sistema/dropbox/pcmac/yii/framework/web/filters/CInlineFilter.php(58): CController->filterAccessControl(Object(CFilterChain))
#19 /Library/Server/Web/Data/Sites/Default/sistema/dropbox/pcmac/yii/framework/web/filters/CFilterChain.php(130): CInlineFilter->filter(Object(CFilterChain))
#20 /Library/Server/Web/Data/Sites/Default/sistema/dropbox/pcmac/yii/framework/web/CController.php(291): CFilterChain->run()
#21 /Library/Server/Web/Data/Sites/Default/sistema/dropbox/pcmac/yii/framework/web/CController.php(265): CController->runActionWithFilters(Object(CInlineAction), Array)
#22 /Library/Server/Web/Data/Sites/Default/sistema/dropbox/pcmac/yii/framework/web/CWebApplication.php(282): CController->run('create')
#23 /Library/Server/Web/Data/Sites/Default/sistema/dropbox/pcmac/yii/framework/web/CWebApplication.php(141): CWebApplication->runController('ordenservicio/c...')
#24 /Library/Server/Web/Data/Sites/Default/sistema/dropbox/pcmac/yii/framework/base/CApplication.php(180): CWebApplication->processRequest()
#25 /Library/Server/Web/Data/Sites/Default/sistema/dropbox/pcmac/servicios/index.php(13): CApplication->run()
#26 {main}
REQUEST_URI=/sistema/dropbox/pcmac/servicios/index.php?r=ordenservicio/create
HTTP_REFERER=http://190.145.25.126/sistema/dropbox/pcmac/servicios/index.php?r=ordenservicio/create
---
2014/12/29 15:39:17 [error] [exception.CHttpException.403] exception 'CHttpException' with message 'Usted no se encuentra autorizado a realizar esta acción.' in /Library/Server/Web/Data/Sites/Default/sistema/dropbox/pcmac/yii/framework/web/auth/CAccessControlFilter.php:182
Stack trace:
#0 /Library/Server/Web/Data/Sites/Default/sistema/dropbox/pcmac/yii/framework/web/auth/CAccessControlFilter.php(145): CAccessControlFilter->accessDenied(Object(CWebUser), 'Usted no se enc...')
#1 /Library/Server/Web/Data/Sites/Default/sistema/dropbox/pcmac/yii/framework/web/filters/CFilter.php(38): CAccessControlFilter->preFilter(Object(CFilterChain))
#2 /Library/Server/Web/Data/Sites/Default/sistema/dropbox/pcmac/yii/framework/web/CController.php(1145): CFilter->filter(Object(CFilterChain))
#3 /Library/Server/Web/Data/Sites/Default/sistema/dropbox/pcmac/yii/framework/web/filters/CInlineFilter.php(58): CController->filterAccessControl(Object(CFilterChain))
#4 /Library/Server/Web/Data/Sites/Default/sistema/dropbox/pcmac/yii/framework/web/filters/CFilterChain.php(130): CInlineFilter->filter(Object(CFilterChain))
#5 /Library/Server/Web/Data/Sites/Default/sistema/dropbox/pcmac/yii/framework/web/CController.php(291): CFilterChain->run()
#6 /Library/Server/Web/Data/Sites/Default/sistema/dropbox/pcmac/yii/framework/web/CController.php(265): CController->runActionWithFilters(Object(CInlineAction), Array)
#7 /Library/Server/Web/Data/Sites/Default/sistema/dropbox/pcmac/yii/framework/web/CWebApplication.php(282): CController->run('admin')
#8 /Library/Server/Web/Data/Sites/Default/sistema/dropbox/pcmac/yii/framework/web/CWebApplication.php(141): CWebApplication->runController('ordenservicio/a...')
#9 /Library/Server/Web/Data/Sites/Default/sistema/dropbox/pcmac/yii/framework/base/CApplication.php(180): CWebApplication->processRequest()
#10 /Library/Server/Web/Data/Sites/Default/sistema/dropbox/pcmac/servicios/index.php(13): CApplication->run()
#11 {main}
REQUEST_URI=/sistema/dropbox/pcmac/servicios/index.php?r=ordenservicio/admin
HTTP_REFERER=http://190.145.25.126/sistema/dropbox/pcmac/servicios/index.php?r=ordenservicio/create
---
2014/12/29 15:39:23 [error] [exception.CHttpException.403] exception 'CHttpException' with message 'Usted no se encuentra autorizado a realizar esta acción.' in /Library/Server/Web/Data/Sites/Default/sistema/dropbox/pcmac/yii/framework/web/auth/CAccessControlFilter.php:182
Stack trace:
#0 /Library/Server/Web/Data/Sites/Default/sistema/dropbox/pcmac/yii/framework/web/auth/CAccessControlFilter.php(145): CAccessControlFilter->accessDenied(Object(CWebUser), 'Usted no se enc...')
#1 /Library/Server/Web/Data/Sites/Default/sistema/dropbox/pcmac/yii/framework/web/filters/CFilter.php(38): CAccessControlFilter->preFilter(Object(CFilterChain))
#2 /Library/Server/Web/Data/Sites/Default/sistema/dropbox/pcmac/yii/framework/web/CController.php(1145): CFilter->filter(Object(CFilterChain))
#3 /Library/Server/Web/Data/Sites/Default/sistema/dropbox/pcmac/yii/framework/web/filters/CInlineFilter.php(58): CController->filterAccessControl(Object(CFilterChain))
#4 /Library/Server/Web/Data/Sites/Default/sistema/dropbox/pcmac/yii/framework/web/filters/CFilterChain.php(130): CInlineFilter->filter(Object(CFilterChain))
#5 /Library/Server/Web/Data/Sites/Default/sistema/dropbox/pcmac/yii/framework/web/CController.php(291): CFilterChain->run()
#6 /Library/Server/Web/Data/Sites/Default/sistema/dropbox/pcmac/yii/framework/web/CController.php(265): CController->runActionWithFilters(Object(CInlineAction), Array)
#7 /Library/Server/Web/Data/Sites/Default/sistema/dropbox/pcmac/yii/framework/web/CWebApplication.php(282): CController->run('admin')
#8 /Library/Server/Web/Data/Sites/Default/sistema/dropbox/pcmac/yii/framework/web/CWebApplication.php(141): CWebApplication->runController('ordenservicio/a...')
#9 /Library/Server/Web/Data/Sites/Default/sistema/dropbox/pcmac/yii/framework/base/CApplication.php(180): CWebApplication->processRequest()
#10 /Library/Server/Web/Data/Sites/Default/sistema/dropbox/pcmac/servicios/index.php(13): CApplication->run()
#11 {main}
REQUEST_URI=/sistema/dropbox/pcmac/servicios/index.php?r=ordenservicio/admin
HTTP_REFERER=http://190.145.25.126/sistema/dropbox/pcmac/servicios/index.php?r=ordenservicio/create
---
2014/12/29 15:39:34 [error] [exception.CHttpException.403] exception 'CHttpException' with message 'Usted no se encuentra autorizado a realizar esta acción.' in /Library/Server/Web/Data/Sites/Default/sistema/dropbox/pcmac/yii/framework/web/auth/CAccessControlFilter.php:182
Stack trace:
#0 /Library/Server/Web/Data/Sites/Default/sistema/dropbox/pcmac/yii/framework/web/auth/CAccessControlFilter.php(145): CAccessControlFilter->accessDenied(Object(CWebUser), 'Usted no se enc...')
#1 /Library/Server/Web/Data/Sites/Default/sistema/dropbox/pcmac/yii/framework/web/filters/CFilter.php(38): CAccessControlFilter->preFilter(Object(CFilterChain))
#2 /Library/Server/Web/Data/Sites/Default/sistema/dropbox/pcmac/yii/framework/web/CController.php(1145): CFilter->filter(Object(CFilterChain))
#3 /Library/Server/Web/Data/Sites/Default/sistema/dropbox/pcmac/yii/framework/web/filters/CInlineFilter.php(58): CController->filterAccessControl(Object(CFilterChain))
#4 /Library/Server/Web/Data/Sites/Default/sistema/dropbox/pcmac/yii/framework/web/filters/CFilterChain.php(130): CInlineFilter->filter(Object(CFilterChain))
#5 /Library/Server/Web/Data/Sites/Default/sistema/dropbox/pcmac/yii/framework/web/CController.php(291): CFilterChain->run()
#6 /Library/Server/Web/Data/Sites/Default/sistema/dropbox/pcmac/yii/framework/web/CController.php(265): CController->runActionWithFilters(Object(CInlineAction), Array)
#7 /Library/Server/Web/Data/Sites/Default/sistema/dropbox/pcmac/yii/framework/web/CWebApplication.php(282): CController->run('admin')
#8 /Library/Server/Web/Data/Sites/Default/sistema/dropbox/pcmac/yii/framework/web/CWebApplication.php(141): CWebApplication->runController('ordenservicio/a...')
#9 /Library/Server/Web/Data/Sites/Default/sistema/dropbox/pcmac/yii/framework/base/CApplication.php(180): CWebApplication->processRequest()
#10 /Library/Server/Web/Data/Sites/Default/sistema/dropbox/pcmac/servicios/index.php(13): CApplication->run()
#11 {main}
REQUEST_URI=/sistema/dropbox/pcmac/servicios/index.php?r=ordenservicio/admin
---
2014/12/29 15:39:42 [error] [exception.CException] exception 'CException' with message 'La propiedad "CJuiDatePicker"."dateFormat" no se encuentra definida.' in /Library/Server/Web/Data/Sites/Default/sistema/dropbox/pcmac/yii/framework/base/CComponent.php:173
Stack trace:
#0 /Library/Server/Web/Data/Sites/Default/sistema/dropbox/pcmac/yii/framework/web/CWidgetFactory.php(161): CComponent->__set('dateFormat', 'yy-mm-dd')
#1 /Library/Server/Web/Data/Sites/Default/sistema/dropbox/pcmac/yii/framework/web/CBaseController.php(146): CWidgetFactory->createWidget(Object(OrdenServicioController), 'zii.widgets.jui...', Array)
#2 /Library/Server/Web/Data/Sites/Default/sistema/dropbox/pcmac/yii/framework/web/CBaseController.php(172): CBaseController->createWidget('zii.widgets.jui...', Array)
#3 /Library/Server/Web/Data/Sites/Default/sistema/dropbox/pcmac/servicios/protected/views/ordenservicio/_form.php(81): CBaseController->widget('zii.widgets.jui...', Array)
#4 /Library/Server/Web/Data/Sites/Default/sistema/dropbox/pcmac/yii/framework/web/CBaseController.php(126): require('/Library/Server...')
#5 /Library/Server/Web/Data/Sites/Default/sistema/dropbox/pcmac/yii/framework/web/CBaseController.php(95): CBaseController->renderInternal('/Library/Server...', Array, true)
#6 /Library/Server/Web/Data/Sites/Default/sistema/dropbox/pcmac/yii/framework/web/CController.php(869): CBaseController->renderFile('/Library/Server...', Array, true)
#7 /Library/Server/Web/Data/Sites/Default/sistema/dropbox/pcmac/servicios/protected/views/ordenservicio/create.php(19): CController->renderPartial('_form', Array)
#8 /Library/Server/Web/Data/Sites/Default/sistema/dropbox/pcmac/yii/framework/web/CBaseController.php(126): require('/Library/Server...')
#9 /Library/Server/Web/Data/Sites/Default/sistema/dropbox/pcmac/yii/framework/web/CBaseController.php(95): CBaseController->renderInternal('/Library/Server...', Array, true)
#10 /Library/Server/Web/Data/Sites/Default/sistema/dropbox/pcmac/yii/framework/web/CController.php(869): CBaseController->renderFile('/Library/Server...', Array, true)
#11 /Library/Server/Web/Data/Sites/Default/sistema/dropbox/pcmac/yii/framework/web/CController.php(782): CController->renderPartial('create', Array, true)
#12 /Library/Server/Web/Data/Sites/Default/sistema/dropbox/pcmac/servicios/protected/controllers/OrdenservicioController.php(80): CController->render('create', Array)
#13 /Library/Server/Web/Data/Sites/Default/sistema/dropbox/pcmac/yii/framework/web/actions/CInlineAction.php(49): OrdenServicioController->actionCreate()
#14 /Library/Server/Web/Data/Sites/Default/sistema/dropbox/pcmac/yii/framework/web/CController.php(308): CInlineAction->runWithParams(Array)
#15 /Library/Server/Web/Data/Sites/Default/sistema/dropbox/pcmac/yii/framework/web/filters/CFilterChain.php(133): CController->runAction(Object(CInlineAction))
#16 /Library/Server/Web/Data/Sites/Default/sistema/dropbox/pcmac/yii/framework/web/filters/CFilter.php(40): CFilterChain->run()
#17 /Library/Server/Web/Data/Sites/Default/sistema/dropbox/pcmac/yii/framework/web/CController.php(1145): CFilter->filter(Object(CFilterChain))
#18 /Library/Server/Web/Data/Sites/Default/sistema/dropbox/pcmac/yii/framework/web/filters/CInlineFilter.php(58): CController->filterAccessControl(Object(CFilterChain))
#19 /Library/Server/Web/Data/Sites/Default/sistema/dropbox/pcmac/yii/framework/web/filters/CFilterChain.php(130): CInlineFilter->filter(Object(CFilterChain))
#20 /Library/Server/Web/Data/Sites/Default/sistema/dropbox/pcmac/yii/framework/web/CController.php(291): CFilterChain->run()
#21 /Library/Server/Web/Data/Sites/Default/sistema/dropbox/pcmac/yii/framework/web/CController.php(265): CController->runActionWithFilters(Object(CInlineAction), Array)
#22 /Library/Server/Web/Data/Sites/Default/sistema/dropbox/pcmac/yii/framework/web/CWebApplication.php(282): CController->run('create')
#23 /Library/Server/Web/Data/Sites/Default/sistema/dropbox/pcmac/yii/framework/web/CWebApplication.php(141): CWebApplication->runController('ordenservicio/c...')
#24 /Library/Server/Web/Data/Sites/Default/sistema/dropbox/pcmac/yii/framework/base/CApplication.php(180): CWebApplication->processRequest()
#25 /Library/Server/Web/Data/Sites/Default/sistema/dropbox/pcmac/servicios/index.php(13): CApplication->run()
#26 {main}
REQUEST_URI=/sistema/dropbox/pcmac/servicios/index.php?r=ordenservicio/create
---
2014/12/29 15:40:45 [error] [exception.CHttpException.403] exception 'CHttpException' with message 'Usted no se encuentra autorizado a realizar esta acción.' in /Library/Server/Web/Data/Sites/Default/sistema/dropbox/pcmac/yii/framework/web/auth/CAccessControlFilter.php:182
Stack trace:
#0 /Library/Server/Web/Data/Sites/Default/sistema/dropbox/pcmac/yii/framework/web/auth/CAccessControlFilter.php(145): CAccessControlFilter->accessDenied(Object(CWebUser), 'Usted no se enc...')
#1 /Library/Server/Web/Data/Sites/Default/sistema/dropbox/pcmac/yii/framework/web/filters/CFilter.php(38): CAccessControlFilter->preFilter(Object(CFilterChain))
#2 /Library/Server/Web/Data/Sites/Default/sistema/dropbox/pcmac/yii/framework/web/CController.php(1145): CFilter->filter(Object(CFilterChain))
#3 /Library/Server/Web/Data/Sites/Default/sistema/dropbox/pcmac/yii/framework/web/filters/CInlineFilter.php(58): CController->filterAccessControl(Object(CFilterChain))
#4 /Library/Server/Web/Data/Sites/Default/sistema/dropbox/pcmac/yii/framework/web/filters/CFilterChain.php(130): CInlineFilter->filter(Object(CFilterChain))
#5 /Library/Server/Web/Data/Sites/Default/sistema/dropbox/pcmac/yii/framework/web/CController.php(291): CFilterChain->run()
#6 /Library/Server/Web/Data/Sites/Default/sistema/dropbox/pcmac/yii/framework/web/CController.php(265): CController->runActionWithFilters(Object(CInlineAction), Array)
#7 /Library/Server/Web/Data/Sites/Default/sistema/dropbox/pcmac/yii/framework/web/CWebApplication.php(282): CController->run('admin')
#8 /Library/Server/Web/Data/Sites/Default/sistema/dropbox/pcmac/yii/framework/web/CWebApplication.php(141): CWebApplication->runController('ordenservicio/a...')
#9 /Library/Server/Web/Data/Sites/Default/sistema/dropbox/pcmac/yii/framework/base/CApplication.php(180): CWebApplication->processRequest()
#10 /Library/Server/Web/Data/Sites/Default/sistema/dropbox/pcmac/servicios/index.php(13): CApplication->run()
#11 {main}
REQUEST_URI=/sistema/dropbox/pcmac/servicios/index.php?r=ordenservicio/admin
---
2014/12/29 15:41:07 [error] [exception.CException] exception 'CException' with message 'La propiedad "CJuiDatePicker"."dateFormat" no se encuentra definida.' in /Library/Server/Web/Data/Sites/Default/sistema/dropbox/pcmac/yii/framework/base/CComponent.php:173
Stack trace:
#0 /Library/Server/Web/Data/Sites/Default/sistema/dropbox/pcmac/yii/framework/web/CWidgetFactory.php(161): CComponent->__set('dateFormat', 'yy-mm-dd')
#1 /Library/Server/Web/Data/Sites/Default/sistema/dropbox/pcmac/yii/framework/web/CBaseController.php(146): CWidgetFactory->createWidget(Object(OrdenServicioController), 'zii.widgets.jui...', Array)
#2 /Library/Server/Web/Data/Sites/Default/sistema/dropbox/pcmac/yii/framework/web/CBaseController.php(172): CBaseController->createWidget('zii.widgets.jui...', Array)
#3 /Library/Server/Web/Data/Sites/Default/sistema/dropbox/pcmac/servicios/protected/views/ordenservicio/_form.php(81): CBaseController->widget('zii.widgets.jui...', Array)
#4 /Library/Server/Web/Data/Sites/Default/sistema/dropbox/pcmac/yii/framework/web/CBaseController.php(126): require('/Library/Server...')
#5 /Library/Server/Web/Data/Sites/Default/sistema/dropbox/pcmac/yii/framework/web/CBaseController.php(95): CBaseController->renderInternal('/Library/Server...', Array, true)
#6 /Library/Server/Web/Data/Sites/Default/sistema/dropbox/pcmac/yii/framework/web/CController.php(869): CBaseController->renderFile('/Library/Server...', Array, true)
#7 /Library/Server/Web/Data/Sites/Default/sistema/dropbox/pcmac/servicios/protected/views/ordenservicio/create.php(19): CController->renderPartial('_form', Array)
#8 /Library/Server/Web/Data/Sites/Default/sistema/dropbox/pcmac/yii/framework/web/CBaseController.php(126): require('/Library/Server...')
#9 /Library/Server/Web/Data/Sites/Default/sistema/dropbox/pcmac/yii/framework/web/CBaseController.php(95): CBaseController->renderInternal('/Library/Server...', Array, true)
#10 /Library/Server/Web/Data/Sites/Default/sistema/dropbox/pcmac/yii/framework/web/CController.php(869): CBaseController->renderFile('/Library/Server...', Array, true)
#11 /Library/Server/Web/Data/Sites/Default/sistema/dropbox/pcmac/yii/framework/web/CController.php(782): CController->renderPartial('create', Array, true)
#12 /Library/Server/Web/Data/Sites/Default/sistema/dropbox/pcmac/servicios/protected/controllers/OrdenservicioController.php(80): CController->render('create', Array)
#13 /Library/Server/Web/Data/Sites/Default/sistema/dropbox/pcmac/yii/framework/web/actions/CInlineAction.php(49): OrdenServicioController->actionCreate()
#14 /Library/Server/Web/Data/Sites/Default/sistema/dropbox/pcmac/yii/framework/web/CController.php(308): CInlineAction->runWithParams(Array)
#15 /Library/Server/Web/Data/Sites/Default/sistema/dropbox/pcmac/yii/framework/web/filters/CFilterChain.php(133): CController->runAction(Object(CInlineAction))
#16 /Library/Server/Web/Data/Sites/Default/sistema/dropbox/pcmac/yii/framework/web/filters/CFilter.php(40): CFilterChain->run()
#17 /Library/Server/Web/Data/Sites/Default/sistema/dropbox/pcmac/yii/framework/web/CController.php(1145): CFilter->filter(Object(CFilterChain))
#18 /Library/Server/Web/Data/Sites/Default/sistema/dropbox/pcmac/yii/framework/web/filters/CInlineFilter.php(58): CController->filterAccessControl(Object(CFilterChain))
#19 /Library/Server/Web/Data/Sites/Default/sistema/dropbox/pcmac/yii/framework/web/filters/CFilterChain.php(130): CInlineFilter->filter(Object(CFilterChain))
#20 /Library/Server/Web/Data/Sites/Default/sistema/dropbox/pcmac/yii/framework/web/CController.php(291): CFilterChain->run()
#21 /Library/Server/Web/Data/Sites/Default/sistema/dropbox/pcmac/yii/framework/web/CController.php(265): CController->runActionWithFilters(Object(CInlineAction), Array)
#22 /Library/Server/Web/Data/Sites/Default/sistema/dropbox/pcmac/yii/framework/web/CWebApplication.php(282): CController->run('create')
#23 /Library/Server/Web/Data/Sites/Default/sistema/dropbox/pcmac/yii/framework/web/CWebApplication.php(141): CWebApplication->runController('ordenservicio/c...')
#24 /Library/Server/Web/Data/Sites/Default/sistema/dropbox/pcmac/yii/framework/base/CApplication.php(180): CWebApplication->processRequest()
#25 /Library/Server/Web/Data/Sites/Default/sistema/dropbox/pcmac/servicios/index.php(13): CApplication->run()
#26 {main}
REQUEST_URI=/sistema/dropbox/pcmac/servicios/index.php?r=ordenservicio/create
---
2014/12/29 15:43:16 [error] [exception.CHttpException.403] exception 'CHttpException' with message 'Usted no se encuentra autorizado a realizar esta acción.' in /Library/Server/Web/Data/Sites/Default/sistema/dropbox/pcmac/yii/framework/web/auth/CAccessControlFilter.php:182
Stack trace:
#0 /Library/Server/Web/Data/Sites/Default/sistema/dropbox/pcmac/yii/framework/web/auth/CAccessControlFilter.php(145): CAccessControlFilter->accessDenied(Object(CWebUser), 'Usted no se enc...')
#1 /Library/Server/Web/Data/Sites/Default/sistema/dropbox/pcmac/yii/framework/web/filters/CFilter.php(38): CAccessControlFilter->preFilter(Object(CFilterChain))
#2 /Library/Server/Web/Data/Sites/Default/sistema/dropbox/pcmac/yii/framework/web/CController.php(1145): CFilter->filter(Object(CFilterChain))
#3 /Library/Server/Web/Data/Sites/Default/sistema/dropbox/pcmac/yii/framework/web/filters/CInlineFilter.php(58): CController->filterAccessControl(Object(CFilterChain))
#4 /Library/Server/Web/Data/Sites/Default/sistema/dropbox/pcmac/yii/framework/web/filters/CFilterChain.php(130): CInlineFilter->filter(Object(CFilterChain))
#5 /Library/Server/Web/Data/Sites/Default/sistema/dropbox/pcmac/yii/framework/web/CController.php(291): CFilterChain->run()
#6 /Library/Server/Web/Data/Sites/Default/sistema/dropbox/pcmac/yii/framework/web/CController.php(265): CController->runActionWithFilters(Object(CInlineAction), Array)
#7 /Library/Server/Web/Data/Sites/Default/sistema/dropbox/pcmac/yii/framework/web/CWebApplication.php(282): CController->run('admin')
#8 /Library/Server/Web/Data/Sites/Default/sistema/dropbox/pcmac/yii/framework/web/CWebApplication.php(141): CWebApplication->runController('ordenservicio/a...')
#9 /Library/Server/Web/Data/Sites/Default/sistema/dropbox/pcmac/yii/framework/base/CApplication.php(180): CWebApplication->processRequest()
#10 /Library/Server/Web/Data/Sites/Default/sistema/dropbox/pcmac/servicios/index.php(13): CApplication->run()
#11 {main}
REQUEST_URI=/sistema/dropbox/pcmac/servicios/index.php?r=ordenservicio/admin
---
2014/12/29 15:43:17 [error] [exception.CException] exception 'CException' with message 'La propiedad "CJuiDatePicker"."dateFormat" no se encuentra definida.' in /Library/Server/Web/Data/Sites/Default/sistema/dropbox/pcmac/yii/framework/base/CComponent.php:173
Stack trace:
#0 /Library/Server/Web/Data/Sites/Default/sistema/dropbox/pcmac/yii/framework/web/CWidgetFactory.php(161): CComponent->__set('dateFormat', 'yy-mm-dd')
#1 /Library/Server/Web/Data/Sites/Default/sistema/dropbox/pcmac/yii/framework/web/CBaseController.php(146): CWidgetFactory->createWidget(Object(OrdenServicioController), 'zii.widgets.jui...', Array)
#2 /Library/Server/Web/Data/Sites/Default/sistema/dropbox/pcmac/yii/framework/web/CBaseController.php(172): CBaseController->createWidget('zii.widgets.jui...', Array)
#3 /Library/Server/Web/Data/Sites/Default/sistema/dropbox/pcmac/servicios/protected/views/ordenservicio/_form.php(81): CBaseController->widget('zii.widgets.jui...', Array)
#4 /Library/Server/Web/Data/Sites/Default/sistema/dropbox/pcmac/yii/framework/web/CBaseController.php(126): require('/Library/Server...')
#5 /Library/Server/Web/Data/Sites/Default/sistema/dropbox/pcmac/yii/framework/web/CBaseController.php(95): CBaseController->renderInternal('/Library/Server...', Array, true)
#6 /Library/Server/Web/Data/Sites/Default/sistema/dropbox/pcmac/yii/framework/web/CController.php(869): CBaseController->renderFile('/Library/Server...', Array, true)
#7 /Library/Server/Web/Data/Sites/Default/sistema/dropbox/pcmac/servicios/protected/views/ordenservicio/create.php(19): CController->renderPartial('_form', Array)
#8 /Library/Server/Web/Data/Sites/Default/sistema/dropbox/pcmac/yii/framework/web/CBaseController.php(126): require('/Library/Server...')
#9 /Library/Server/Web/Data/Sites/Default/sistema/dropbox/pcmac/yii/framework/web/CBaseController.php(95): CBaseController->renderInternal('/Library/Server...', Array, true)
#10 /Library/Server/Web/Data/Sites/Default/sistema/dropbox/pcmac/yii/framework/web/CController.php(869): CBaseController->renderFile('/Library/Server...', Array, true)
#11 /Library/Server/Web/Data/Sites/Default/sistema/dropbox/pcmac/yii/framework/web/CController.php(782): CController->renderPartial('create', Array, true)
#12 /Library/Server/Web/Data/Sites/Default/sistema/dropbox/pcmac/servicios/protected/controllers/OrdenservicioController.php(80): CController->render('create', Array)
#13 /Library/Server/Web/Data/Sites/Default/sistema/dropbox/pcmac/yii/framework/web/actions/CInlineAction.php(49): OrdenServicioController->actionCreate()
#14 /Library/Server/Web/Data/Sites/Default/sistema/dropbox/pcmac/yii/framework/web/CController.php(308): CInlineAction->runWithParams(Array)
#15 /Library/Server/Web/Data/Sites/Default/sistema/dropbox/pcmac/yii/framework/web/filters/CFilterChain.php(133): CController->runAction(Object(CInlineAction))
#16 /Library/Server/Web/Data/Sites/Default/sistema/dropbox/pcmac/yii/framework/web/filters/CFilter.php(40): CFilterChain->run()
#17 /Library/Server/Web/Data/Sites/Default/sistema/dropbox/pcmac/yii/framework/web/CController.php(1145): CFilter->filter(Object(CFilterChain))
#18 /Library/Server/Web/Data/Sites/Default/sistema/dropbox/pcmac/yii/framework/web/filters/CInlineFilter.php(58): CController->filterAccessControl(Object(CFilterChain))
#19 /Library/Server/Web/Data/Sites/Default/sistema/dropbox/pcmac/yii/framework/web/filters/CFilterChain.php(130): CInlineFilter->filter(Object(CFilterChain))
#20 /Library/Server/Web/Data/Sites/Default/sistema/dropbox/pcmac/yii/framework/web/CController.php(291): CFilterChain->run()
#21 /Library/Server/Web/Data/Sites/Default/sistema/dropbox/pcmac/yii/framework/web/CController.php(265): CController->runActionWithFilters(Object(CInlineAction), Array)
#22 /Library/Server/Web/Data/Sites/Default/sistema/dropbox/pcmac/yii/framework/web/CWebApplication.php(282): CController->run('create')
#23 /Library/Server/Web/Data/Sites/Default/sistema/dropbox/pcmac/yii/framework/web/CWebApplication.php(141): CWebApplication->runController('ordenservicio/c...')
#24 /Library/Server/Web/Data/Sites/Default/sistema/dropbox/pcmac/yii/framework/base/CApplication.php(180): CWebApplication->processRequest()
#25 /Library/Server/Web/Data/Sites/Default/sistema/dropbox/pcmac/servicios/index.php(13): CApplication->run()
#26 {main}
REQUEST_URI=/sistema/dropbox/pcmac/servicios/index.php?r=ordenservicio/create
---
2014/12/29 15:43:22 [error] [exception.CException] exception 'CException' with message 'La propiedad "CJuiDatePicker"."dateFormat" no se encuentra definida.' in /Library/Server/Web/Data/Sites/Default/sistema/dropbox/pcmac/yii/framework/base/CComponent.php:173
Stack trace:
#0 /Library/Server/Web/Data/Sites/Default/sistema/dropbox/pcmac/yii/framework/web/CWidgetFactory.php(161): CComponent->__set('dateFormat', 'yy-mm-dd')
#1 /Library/Server/Web/Data/Sites/Default/sistema/dropbox/pcmac/yii/framework/web/CBaseController.php(146): CWidgetFactory->createWidget(Object(OrdenServicioController), 'zii.widgets.jui...', Array)
#2 /Library/Server/Web/Data/Sites/Default/sistema/dropbox/pcmac/yii/framework/web/CBaseController.php(172): CBaseController->createWidget('zii.widgets.jui...', Array)
#3 /Library/Server/Web/Data/Sites/Default/sistema/dropbox/pcmac/servicios/protected/views/ordenservicio/_form.php(81): CBaseController->widget('zii.widgets.jui...', Array)
#4 /Library/Server/Web/Data/Sites/Default/sistema/dropbox/pcmac/yii/framework/web/CBaseController.php(126): require('/Library/Server...')
#5 /Library/Server/Web/Data/Sites/Default/sistema/dropbox/pcmac/yii/framework/web/CBaseController.php(95): CBaseController->renderInternal('/Library/Server...', Array, true)
#6 /Library/Server/Web/Data/Sites/Default/sistema/dropbox/pcmac/yii/framework/web/CController.php(869): CBaseController->renderFile('/Library/Server...', Array, true)
#7 /Library/Server/Web/Data/Sites/Default/sistema/dropbox/pcmac/servicios/protected/views/ordenservicio/create.php(19): CController->renderPartial('_form', Array)
#8 /Library/Server/Web/Data/Sites/Default/sistema/dropbox/pcmac/yii/framework/web/CBaseController.php(126): require('/Library/Server...')
#9 /Library/Server/Web/Data/Sites/Default/sistema/dropbox/pcmac/yii/framework/web/CBaseController.php(95): CBaseController->renderInternal('/Library/Server...', Array, true)
#10 /Library/Server/Web/Data/Sites/Default/sistema/dropbox/pcmac/yii/framework/web/CController.php(869): CBaseController->renderFile('/Library/Server...', Array, true)
#11 /Library/Server/Web/Data/Sites/Default/sistema/dropbox/pcmac/yii/framework/web/CController.php(782): CController->renderPartial('create', Array, true)
#12 /Library/Server/Web/Data/Sites/Default/sistema/dropbox/pcmac/servicios/protected/controllers/OrdenservicioController.php(80): CController->render('create', Array)
#13 /Library/Server/Web/Data/Sites/Default/sistema/dropbox/pcmac/yii/framework/web/actions/CInlineAction.php(49): OrdenServicioController->actionCreate()
#14 /Library/Server/Web/Data/Sites/Default/sistema/dropbox/pcmac/yii/framework/web/CController.php(308): CInlineAction->runWithParams(Array)
#15 /Library/Server/Web/Data/Sites/Default/sistema/dropbox/pcmac/yii/framework/web/filters/CFilterChain.php(133): CController->runAction(Object(CInlineAction))
#16 /Library/Server/Web/Data/Sites/Default/sistema/dropbox/pcmac/yii/framework/web/filters/CFilter.php(40): CFilterChain->run()
#17 /Library/Server/Web/Data/Sites/Default/sistema/dropbox/pcmac/yii/framework/web/CController.php(1145): CFilter->filter(Object(CFilterChain))
#18 /Library/Server/Web/Data/Sites/Default/sistema/dropbox/pcmac/yii/framework/web/filters/CInlineFilter.php(58): CController->filterAccessControl(Object(CFilterChain))
#19 /Library/Server/Web/Data/Sites/Default/sistema/dropbox/pcmac/yii/framework/web/filters/CFilterChain.php(130): CInlineFilter->filter(Object(CFilterChain))
#20 /Library/Server/Web/Data/Sites/Default/sistema/dropbox/pcmac/yii/framework/web/CController.php(291): CFilterChain->run()
#21 /Library/Server/Web/Data/Sites/Default/sistema/dropbox/pcmac/yii/framework/web/CController.php(265): CController->runActionWithFilters(Object(CInlineAction), Array)
#22 /Library/Server/Web/Data/Sites/Default/sistema/dropbox/pcmac/yii/framework/web/CWebApplication.php(282): CController->run('create')
#23 /Library/Server/Web/Data/Sites/Default/sistema/dropbox/pcmac/yii/framework/web/CWebApplication.php(141): CWebApplication->runController('ordenservicio/c...')
#24 /Library/Server/Web/Data/Sites/Default/sistema/dropbox/pcmac/yii/framework/base/CApplication.php(180): CWebApplication->processRequest()
#25 /Library/Server/Web/Data/Sites/Default/sistema/dropbox/pcmac/servicios/index.php(13): CApplication->run()
#26 {main}
REQUEST_URI=/sistema/dropbox/pcmac/servicios/index.php?r=ordenservicio/create
HTTP_REFERER=http://190.145.25.126/sistema/dropbox/pcmac/servicios/index.php?r=ordenservicio/create
---
2014/12/29 15:45:02 [error] [exception.CException] exception 'CException' with message 'La propiedad "CJuiDatePicker"."dateFormat" no se encuentra definida.' in /Library/Server/Web/Data/Sites/Default/sistema/dropbox/pcmac/yii/framework/base/CComponent.php:173
Stack trace:
#0 /Library/Server/Web/Data/Sites/Default/sistema/dropbox/pcmac/yii/framework/web/CWidgetFactory.php(161): CComponent->__set('dateFormat', 'yy-mm-dd')
#1 /Library/Server/Web/Data/Sites/Default/sistema/dropbox/pcmac/yii/framework/web/CBaseController.php(146): CWidgetFactory->createWidget(Object(OrdenServicioController), 'zii.widgets.jui...', Array)
#2 /Library/Server/Web/Data/Sites/Default/sistema/dropbox/pcmac/yii/framework/web/CBaseController.php(172): CBaseController->createWidget('zii.widgets.jui...', Array)
#3 /Library/Server/Web/Data/Sites/Default/sistema/dropbox/pcmac/servicios/protected/views/ordenservicio/_form.php(81): CBaseController->widget('zii.widgets.jui...', Array)
#4 /Library/Server/Web/Data/Sites/Default/sistema/dropbox/pcmac/yii/framework/web/CBaseController.php(126): require('/Library/Server...')
#5 /Library/Server/Web/Data/Sites/Default/sistema/dropbox/pcmac/yii/framework/web/CBaseController.php(95): CBaseController->renderInternal('/Library/Server...', Array, true)
#6 /Library/Server/Web/Data/Sites/Default/sistema/dropbox/pcmac/yii/framework/web/CController.php(869): CBaseController->renderFile('/Library/Server...', Array, true)
#7 /Library/Server/Web/Data/Sites/Default/sistema/dropbox/pcmac/servicios/protected/views/ordenservicio/create.php(19): CController->renderPartial('_form', Array)
#8 /Library/Server/Web/Data/Sites/Default/sistema/dropbox/pcmac/yii/framework/web/CBaseController.php(126): require('/Library/Server...')
#9 /Library/Server/Web/Data/Sites/Default/sistema/dropbox/pcmac/yii/framework/web/CBaseController.php(95): CBaseController->renderInternal('/Library/Server...', Array, true)
#10 /Library/Server/Web/Data/Sites/Default/sistema/dropbox/pcmac/yii/framework/web/CController.php(869): CBaseController->renderFile('/Library/Server...', Array, true)
#11 /Library/Server/Web/Data/Sites/Default/sistema/dropbox/pcmac/yii/framework/web/CController.php(782): CController->renderPartial('create', Array, true)
#12 /Library/Server/Web/Data/Sites/Default/sistema/dropbox/pcmac/servicios/protected/controllers/OrdenservicioController.php(80): CController->render('create', Array)
#13 /Library/Server/Web/Data/Sites/Default/sistema/dropbox/pcmac/yii/framework/web/actions/CInlineAction.php(49): OrdenServicioController->actionCreate()
#14 /Library/Server/Web/Data/Sites/Default/sistema/dropbox/pcmac/yii/framework/web/CController.php(308): CInlineAction->runWithParams(Array)
#15 /Library/Server/Web/Data/Sites/Default/sistema/dropbox/pcmac/yii/framework/web/filters/CFilterChain.php(133): CController->runAction(Object(CInlineAction))
#16 /Library/Server/Web/Data/Sites/Default/sistema/dropbox/pcmac/yii/framework/web/filters/CFilter.php(40): CFilterChain->run()
#17 /Library/Server/Web/Data/Sites/Default/sistema/dropbox/pcmac/yii/framework/web/CController.php(1145): CFilter->filter(Object(CFilterChain))
#18 /Library/Server/Web/Data/Sites/Default/sistema/dropbox/pcmac/yii/framework/web/filters/CInlineFilter.php(58): CController->filterAccessControl(Object(CFilterChain))
#19 /Library/Server/Web/Data/Sites/Default/sistema/dropbox/pcmac/yii/framework/web/filters/CFilterChain.php(130): CInlineFilter->filter(Object(CFilterChain))
#20 /Library/Server/Web/Data/Sites/Default/sistema/dropbox/pcmac/yii/framework/web/CController.php(291): CFilterChain->run()
#21 /Library/Server/Web/Data/Sites/Default/sistema/dropbox/pcmac/yii/framework/web/CController.php(265): CController->runActionWithFilters(Object(CInlineAction), Array)
#22 /Library/Server/Web/Data/Sites/Default/sistema/dropbox/pcmac/yii/framework/web/CWebApplication.php(282): CController->run('create')
#23 /Library/Server/Web/Data/Sites/Default/sistema/dropbox/pcmac/yii/framework/web/CWebApplication.php(141): CWebApplication->runController('ordenservicio/c...')
#24 /Library/Server/Web/Data/Sites/Default/sistema/dropbox/pcmac/yii/framework/base/CApplication.php(180): CWebApplication->processRequest()
#25 /Library/Server/Web/Data/Sites/Default/sistema/dropbox/pcmac/servicios/index.php(13): CApplication->run()
#26 {main}
REQUEST_URI=/sistema/dropbox/pcmac/servicios/index.php?r=ordenservicio/create
---
2014/12/29 15:46:23 [error] [exception.CException] exception 'CException' with message 'La propiedad "CJuiDatePicker"."dateFormat" no se encuentra definida.' in /Library/Server/Web/Data/Sites/Default/sistema/dropbox/pcmac/yii/framework/base/CComponent.php:173
Stack trace:
#0 /Library/Server/Web/Data/Sites/Default/sistema/dropbox/pcmac/yii/framework/web/CWidgetFactory.php(161): CComponent->__set('dateFormat', 'yy-mm-dd')
#1 /Library/Server/Web/Data/Sites/Default/sistema/dropbox/pcmac/yii/framework/web/CBaseController.php(146): CWidgetFactory->createWidget(Object(OrdenServicioController), 'zii.widgets.jui...', Array)
#2 /Library/Server/Web/Data/Sites/Default/sistema/dropbox/pcmac/yii/framework/web/CBaseController.php(172): CBaseController->createWidget('zii.widgets.jui...', Array)
#3 /Library/Server/Web/Data/Sites/Default/sistema/dropbox/pcmac/servicios/protected/views/ordenservicio/_form.php(81): CBaseController->widget('zii.widgets.jui...', Array)
#4 /Library/Server/Web/Data/Sites/Default/sistema/dropbox/pcmac/yii/framework/web/CBaseController.php(126): require('/Library/Server...')
#5 /Library/Server/Web/Data/Sites/Default/sistema/dropbox/pcmac/yii/framework/web/CBaseController.php(95): CBaseController->renderInternal('/Library/Server...', Array, true)
#6 /Library/Server/Web/Data/Sites/Default/sistema/dropbox/pcmac/yii/framework/web/CController.php(869): CBaseController->renderFile('/Library/Server...', Array, true)
#7 /Library/Server/Web/Data/Sites/Default/sistema/dropbox/pcmac/servicios/protected/views/ordenservicio/create.php(19): CController->renderPartial('_form', Array)
#8 /Library/Server/Web/Data/Sites/Default/sistema/dropbox/pcmac/yii/framework/web/CBaseController.php(126): require('/Library/Server...')
#9 /Library/Server/Web/Data/Sites/Default/sistema/dropbox/pcmac/yii/framework/web/CBaseController.php(95): CBaseController->renderInternal('/Library/Server...', Array, true)
#10 /Library/Server/Web/Data/Sites/Default/sistema/dropbox/pcmac/yii/framework/web/CController.php(869): CBaseController->renderFile('/Library/Server...', Array, true)
#11 /Library/Server/Web/Data/Sites/Default/sistema/dropbox/pcmac/yii/framework/web/CController.php(782): CController->renderPartial('create', Array, true)
#12 /Library/Server/Web/Data/Sites/Default/sistema/dropbox/pcmac/servicios/protected/controllers/OrdenservicioController.php(80): CController->render('create', Array)
#13 /Library/Server/Web/Data/Sites/Default/sistema/dropbox/pcmac/yii/framework/web/actions/CInlineAction.php(49): OrdenServicioController->actionCreate()
#14 /Library/Server/Web/Data/Sites/Default/sistema/dropbox/pcmac/yii/framework/web/CController.php(308): CInlineAction->runWithParams(Array)
#15 /Library/Server/Web/Data/Sites/Default/sistema/dropbox/pcmac/yii/framework/web/filters/CFilterChain.php(133): CController->runAction(Object(CInlineAction))
#16 /Library/Server/Web/Data/Sites/Default/sistema/dropbox/pcmac/yii/framework/web/filters/CFilter.php(40): CFilterChain->run()
#17 /Library/Server/Web/Data/Sites/Default/sistema/dropbox/pcmac/yii/framework/web/CController.php(1145): CFilter->filter(Object(CFilterChain))
#18 /Library/Server/Web/Data/Sites/Default/sistema/dropbox/pcmac/yii/framework/web/filters/CInlineFilter.php(58): CController->filterAccessControl(Object(CFilterChain))
#19 /Library/Server/Web/Data/Sites/Default/sistema/dropbox/pcmac/yii/framework/web/filters/CFilterChain.php(130): CInlineFilter->filter(Object(CFilterChain))
#20 /Library/Server/Web/Data/Sites/Default/sistema/dropbox/pcmac/yii/framework/web/CController.php(291): CFilterChain->run()
#21 /Library/Server/Web/Data/Sites/Default/sistema/dropbox/pcmac/yii/framework/web/CController.php(265): CController->runActionWithFilters(Object(CInlineAction), Array)
#22 /Library/Server/Web/Data/Sites/Default/sistema/dropbox/pcmac/yii/framework/web/CWebApplication.php(282): CController->run('create')
#23 /Library/Server/Web/Data/Sites/Default/sistema/dropbox/pcmac/yii/framework/web/CWebApplication.php(141): CWebApplication->runController('ordenservicio/c...')
#24 /Library/Server/Web/Data/Sites/Default/sistema/dropbox/pcmac/yii/framework/base/CApplication.php(180): CWebApplication->processRequest()
#25 /Library/Server/Web/Data/Sites/Default/sistema/dropbox/pcmac/servicios/index.php(13): CApplication->run()
#26 {main}
REQUEST_URI=/sistema/dropbox/pcmac/servicios/index.php?r=ordenservicio/create
HTTP_REFERER=http://190.145.25.126/sistema/dropbox/pcmac/servicios/index.php?r=ordenservicio
---
2014/12/29 16:17:34 [error] [exception.CHttpException.403] exception 'CHttpException' with message 'Usted no se encuentra autorizado a realizar esta acción.' in /Library/Server/Web/Data/Sites/Default/sistema/dropbox/pcmac/yii/framework/web/auth/CAccessControlFilter.php:182
Stack trace:
#0 /Library/Server/Web/Data/Sites/Default/sistema/dropbox/pcmac/yii/framework/web/auth/CAccessControlFilter.php(145): CAccessControlFilter->accessDenied(Object(CWebUser), 'Usted no se enc...')
#1 /Library/Server/Web/Data/Sites/Default/sistema/dropbox/pcmac/yii/framework/web/filters/CFilter.php(38): CAccessControlFilter->preFilter(Object(CFilterChain))
#2 /Library/Server/Web/Data/Sites/Default/sistema/dropbox/pcmac/yii/framework/web/CController.php(1145): CFilter->filter(Object(CFilterChain))
#3 /Library/Server/Web/Data/Sites/Default/sistema/dropbox/pcmac/yii/framework/web/filters/CInlineFilter.php(58): CController->filterAccessControl(Object(CFilterChain))
#4 /Library/Server/Web/Data/Sites/Default/sistema/dropbox/pcmac/yii/framework/web/filters/CFilterChain.php(130): CInlineFilter->filter(Object(CFilterChain))
#5 /Library/Server/Web/Data/Sites/Default/sistema/dropbox/pcmac/yii/framework/web/CController.php(291): CFilterChain->run()
#6 /Library/Server/Web/Data/Sites/Default/sistema/dropbox/pcmac/yii/framework/web/CController.php(265): CController->runActionWithFilters(Object(CInlineAction), Array)
#7 /Library/Server/Web/Data/Sites/Default/sistema/dropbox/pcmac/yii/framework/web/CWebApplication.php(282): CController->run('admin')
#8 /Library/Server/Web/Data/Sites/Default/sistema/dropbox/pcmac/yii/framework/web/CWebApplication.php(141): CWebApplication->runController('detalleorden/ad...')
#9 /Library/Server/Web/Data/Sites/Default/sistema/dropbox/pcmac/yii/framework/base/CApplication.php(180): CWebApplication->processRequest()
#10 /Library/Server/Web/Data/Sites/Default/sistema/dropbox/pcmac/servicios/index.php(13): CApplication->run()
#11 {main}
REQUEST_URI=/sistema/dropbox/pcmac/servicios/index.php?r=detalleorden/admin
---
2014/12/29 16:17:42 [error] [exception.CHttpException.403] exception 'CHttpException' with message 'Usted no se encuentra autorizado a realizar esta acción.' in /Library/Server/Web/Data/Sites/Default/sistema/dropbox/pcmac/yii/framework/web/auth/CAccessControlFilter.php:182
Stack trace:
#0 /Library/Server/Web/Data/Sites/Default/sistema/dropbox/pcmac/yii/framework/web/auth/CAccessControlFilter.php(145): CAccessControlFilter->accessDenied(Object(CWebUser), 'Usted no se enc...')
#1 /Library/Server/Web/Data/Sites/Default/sistema/dropbox/pcmac/yii/framework/web/filters/CFilter.php(38): CAccessControlFilter->preFilter(Object(CFilterChain))
#2 /Library/Server/Web/Data/Sites/Default/sistema/dropbox/pcmac/yii/framework/web/CController.php(1145): CFilter->filter(Object(CFilterChain))
#3 /Library/Server/Web/Data/Sites/Default/sistema/dropbox/pcmac/yii/framework/web/filters/CInlineFilter.php(58): CController->filterAccessControl(Object(CFilterChain))
#4 /Library/Server/Web/Data/Sites/Default/sistema/dropbox/pcmac/yii/framework/web/filters/CFilterChain.php(130): CInlineFilter->filter(Object(CFilterChain))
#5 /Library/Server/Web/Data/Sites/Default/sistema/dropbox/pcmac/yii/framework/web/CController.php(291): CFilterChain->run()
#6 /Library/Server/Web/Data/Sites/Default/sistema/dropbox/pcmac/yii/framework/web/CController.php(265): CController->runActionWithFilters(Object(CInlineAction), Array)
#7 /Library/Server/Web/Data/Sites/Default/sistema/dropbox/pcmac/yii/framework/web/CWebApplication.php(282): CController->run('admin')
#8 /Library/Server/Web/Data/Sites/Default/sistema/dropbox/pcmac/yii/framework/web/CWebApplication.php(141): CWebApplication->runController('detalleorden/ad...')
#9 /Library/Server/Web/Data/Sites/Default/sistema/dropbox/pcmac/yii/framework/base/CApplication.php(180): CWebApplication->processRequest()
#10 /Library/Server/Web/Data/Sites/Default/sistema/dropbox/pcmac/servicios/index.php(13): CApplication->run()
#11 {main}
REQUEST_URI=/sistema/dropbox/pcmac/servicios/index.php?r=detalleorden/admin
HTTP_REFERER=http://190.145.25.126/sistema/dropbox/pcmac/servicios/index.php?r=detalleorden/create
---
2014/12/29 16:17:55 [error] [exception.CHttpException.403] exception 'CHttpException' with message 'Usted no se encuentra autorizado a realizar esta acción.' in /Library/Server/Web/Data/Sites/Default/sistema/dropbox/pcmac/yii/framework/web/auth/CAccessControlFilter.php:182
Stack trace:
#0 /Library/Server/Web/Data/Sites/Default/sistema/dropbox/pcmac/yii/framework/web/auth/CAccessControlFilter.php(145): CAccessControlFilter->accessDenied(Object(CWebUser), 'Usted no se enc...')
#1 /Library/Server/Web/Data/Sites/Default/sistema/dropbox/pcmac/yii/framework/web/filters/CFilter.php(38): CAccessControlFilter->preFilter(Object(CFilterChain))
#2 /Library/Server/Web/Data/Sites/Default/sistema/dropbox/pcmac/yii/framework/web/CController.php(1145): CFilter->filter(Object(CFilterChain))
#3 /Library/Server/Web/Data/Sites/Default/sistema/dropbox/pcmac/yii/framework/web/filters/CInlineFilter.php(58): CController->filterAccessControl(Object(CFilterChain))
#4 /Library/Server/Web/Data/Sites/Default/sistema/dropbox/pcmac/yii/framework/web/filters/CFilterChain.php(130): CInlineFilter->filter(Object(CFilterChain))
#5 /Library/Server/Web/Data/Sites/Default/sistema/dropbox/pcmac/yii/framework/web/CController.php(291): CFilterChain->run()
#6 /Library/Server/Web/Data/Sites/Default/sistema/dropbox/pcmac/yii/framework/web/CController.php(265): CController->runActionWithFilters(Object(CInlineAction), Array)
#7 /Library/Server/Web/Data/Sites/Default/sistema/dropbox/pcmac/yii/framework/web/CWebApplication.php(282): CController->run('admin')
#8 /Library/Server/Web/Data/Sites/Default/sistema/dropbox/pcmac/yii/framework/web/CWebApplication.php(141): CWebApplication->runController('detalleorden/ad...')
#9 /Library/Server/Web/Data/Sites/Default/sistema/dropbox/pcmac/yii/framework/base/CApplication.php(180): CWebApplication->processRequest()
#10 /Library/Server/Web/Data/Sites/Default/sistema/dropbox/pcmac/servicios/index.php(13): CApplication->run()
#11 {main}
REQUEST_URI=/sistema/dropbox/pcmac/servicios/index.php?r=detalleorden/admin
HTTP_REFERER=http://190.145.25.126/sistema/dropbox/pcmac/servicios/index.php?r=detalleorden/index
---
2014/12/29 16:28:04 [error] [exception.CHttpException.403] exception 'CHttpException' with message 'Usted no se encuentra autorizado a realizar esta acción.' in /Library/Server/Web/Data/Sites/Default/sistema/dropbox/pcmac/yii/framework/web/auth/CAccessControlFilter.php:182
Stack trace:
#0 /Library/Server/Web/Data/Sites/Default/sistema/dropbox/pcmac/yii/framework/web/auth/CAccessControlFilter.php(145): CAccessControlFilter->accessDenied(Object(CWebUser), 'Usted no se enc...')
#1 /Library/Server/Web/Data/Sites/Default/sistema/dropbox/pcmac/yii/framework/web/filters/CFilter.php(38): CAccessControlFilter->preFilter(Object(CFilterChain))
#2 /Library/Server/Web/Data/Sites/Default/sistema/dropbox/pcmac/yii/framework/web/CController.php(1145): CFilter->filter(Object(CFilterChain))
#3 /Library/Server/Web/Data/Sites/Default/sistema/dropbox/pcmac/yii/framework/web/filters/CInlineFilter.php(58): CController->filterAccessControl(Object(CFilterChain))
#4 /Library/Server/Web/Data/Sites/Default/sistema/dropbox/pcmac/yii/framework/web/filters/CFilterChain.php(130): CInlineFilter->filter(Object(CFilterChain))
#5 /Library/Server/Web/Data/Sites/Default/sistema/dropbox/pcmac/yii/framework/web/CController.php(291): CFilterChain->run()
#6 /Library/Server/Web/Data/Sites/Default/sistema/dropbox/pcmac/yii/framework/web/CController.php(265): CController->runActionWithFilters(Object(CInlineAction), Array)
#7 /Library/Server/Web/Data/Sites/Default/sistema/dropbox/pcmac/yii/framework/web/CWebApplication.php(282): CController->run('admin')
#8 /Library/Server/Web/Data/Sites/Default/sistema/dropbox/pcmac/yii/framework/web/CWebApplication.php(141): CWebApplication->runController('ordenservicio/a...')
#9 /Library/Server/Web/Data/Sites/Default/sistema/dropbox/pcmac/yii/framework/base/CApplication.php(180): CWebApplication->processRequest()
#10 /Library/Server/Web/Data/Sites/Default/sistema/dropbox/pcmac/servicios/index.php(13): CApplication->run()
#11 {main}
REQUEST_URI=/sistema/dropbox/pcmac/servicios/index.php?r=ordenservicio/admin
HTTP_REFERER=http://190.145.25.126/sistema/dropbox/pcmac/servicios/index.php?r=ordenservicio/create
---
2014/12/29 16:28:54 [error] [exception.CHttpException.403] exception 'CHttpException' with message 'Usted no se encuentra autorizado a realizar esta acción.' in /Library/Server/Web/Data/Sites/Default/sistema/dropbox/pcmac/yii/framework/web/auth/CAccessControlFilter.php:182
Stack trace:
#0 /Library/Server/Web/Data/Sites/Default/sistema/dropbox/pcmac/yii/framework/web/auth/CAccessControlFilter.php(145): CAccessControlFilter->accessDenied(Object(CWebUser), 'Usted no se enc...')
#1 /Library/Server/Web/Data/Sites/Default/sistema/dropbox/pcmac/yii/framework/web/filters/CFilter.php(38): CAccessControlFilter->preFilter(Object(CFilterChain))
#2 /Library/Server/Web/Data/Sites/Default/sistema/dropbox/pcmac/yii/framework/web/CController.php(1145): CFilter->filter(Object(CFilterChain))
#3 /Library/Server/Web/Data/Sites/Default/sistema/dropbox/pcmac/yii/framework/web/filters/CInlineFilter.php(58): CController->filterAccessControl(Object(CFilterChain))
#4 /Library/Server/Web/Data/Sites/Default/sistema/dropbox/pcmac/yii/framework/web/filters/CFilterChain.php(130): CInlineFilter->filter(Object(CFilterChain))
#5 /Library/Server/Web/Data/Sites/Default/sistema/dropbox/pcmac/yii/framework/web/CController.php(291): CFilterChain->run()
#6 /Library/Server/Web/Data/Sites/Default/sistema/dropbox/pcmac/yii/framework/web/CController.php(265): CController->runActionWithFilters(Object(CInlineAction), Array)
#7 /Library/Server/Web/Data/Sites/Default/sistema/dropbox/pcmac/yii/framework/web/CWebApplication.php(282): CController->run('admin')
#8 /Library/Server/Web/Data/Sites/Default/sistema/dropbox/pcmac/yii/framework/web/CWebApplication.php(141): CWebApplication->runController('ordenservicio/a...')
#9 /Library/Server/Web/Data/Sites/Default/sistema/dropbox/pcmac/yii/framework/base/CApplication.php(180): CWebApplication->processRequest()
#10 /Library/Server/Web/Data/Sites/Default/sistema/dropbox/pcmac/servicios/index.php(13): CApplication->run()
#11 {main}
REQUEST_URI=/sistema/dropbox/pcmac/servicios/index.php?r=ordenservicio/admin
HTTP_REFERER=http://190.145.25.126/sistema/dropbox/pcmac/servicios/index.php?r=site/login
---
2014/12/29 17:11:38 [error] [exception.CException] exception 'CException' with message 'La propiedad "CDetailView"."itemsCssClass" no se encuentra definida.' in /Library/Server/Web/Data/Sites/Default/sistema/dropbox/pcmac/yii/framework/base/CComponent.php:173
Stack trace:
#0 /Library/Server/Web/Data/Sites/Default/sistema/dropbox/pcmac/yii/framework/web/CWidgetFactory.php(161): CComponent->__set('itemsCssClass', 'table table-str...')
#1 /Library/Server/Web/Data/Sites/Default/sistema/dropbox/pcmac/yii/framework/web/CBaseController.php(146): CWidgetFactory->createWidget(Object(OrdenServicioController), 'zii.widgets.CDe...', Array)
#2 /Library/Server/Web/Data/Sites/Default/sistema/dropbox/pcmac/yii/framework/web/CBaseController.php(172): CBaseController->createWidget('zii.widgets.CDe...', Array)
#3 /Library/Server/Web/Data/Sites/Default/sistema/dropbox/pcmac/servicios/protected/views/ordenservicio/view.php(35): CBaseController->widget('zii.widgets.CDe...', Array)
#4 /Library/Server/Web/Data/Sites/Default/sistema/dropbox/pcmac/yii/framework/web/CBaseController.php(126): require('/Library/Server...')
#5 /Library/Server/Web/Data/Sites/Default/sistema/dropbox/pcmac/yii/framework/web/CBaseController.php(95): CBaseController->renderInternal('/Library/Server...', Array, true)
#6 /Library/Server/Web/Data/Sites/Default/sistema/dropbox/pcmac/yii/framework/web/CController.php(869): CBaseController->renderFile('/Library/Server...', Array, true)
#7 /Library/Server/Web/Data/Sites/Default/sistema/dropbox/pcmac/yii/framework/web/CController.php(782): CController->renderPartial('view', Array, true)
#8 /Library/Server/Web/Data/Sites/Default/sistema/dropbox/pcmac/servicios/protected/controllers/OrdenservicioController.php(56): CController->render('view', Array)
#9 [internal function]: OrdenServicioController->actionView('1')
#10 /Library/Server/Web/Data/Sites/Default/sistema/dropbox/pcmac/yii/framework/web/actions/CAction.php(108): ReflectionMethod->invokeArgs(Object(OrdenServicioController), Array)
#11 /Library/Server/Web/Data/Sites/Default/sistema/dropbox/pcmac/yii/framework/web/actions/CInlineAction.php(47): CAction->runWithParamsInternal(Object(OrdenServicioController), Object(ReflectionMethod), Array)
#12 /Library/Server/Web/Data/Sites/Default/sistema/dropbox/pcmac/yii/framework/web/CController.php(308): CInlineAction->runWithParams(Array)
#13 /Library/Server/Web/Data/Sites/Default/sistema/dropbox/pcmac/yii/framework/web/filters/CFilterChain.php(133): CController->runAction(Object(CInlineAction))
#14 /Library/Server/Web/Data/Sites/Default/sistema/dropbox/pcmac/yii/framework/web/filters/CFilter.php(40): CFilterChain->run()
#15 /Library/Server/Web/Data/Sites/Default/sistema/dropbox/pcmac/yii/framework/web/CController.php(1145): CFilter->filter(Object(CFilterChain))
#16 /Library/Server/Web/Data/Sites/Default/sistema/dropbox/pcmac/yii/framework/web/filters/CInlineFilter.php(58): CController->filterAccessControl(Object(CFilterChain))
#17 /Library/Server/Web/Data/Sites/Default/sistema/dropbox/pcmac/yii/framework/web/filters/CFilterChain.php(130): CInlineFilter->filter(Object(CFilterChain))
#18 /Library/Server/Web/Data/Sites/Default/sistema/dropbox/pcmac/yii/framework/web/CController.php(291): CFilterChain->run()
#19 /Library/Server/Web/Data/Sites/Default/sistema/dropbox/pcmac/yii/framework/web/CController.php(265): CController->runActionWithFilters(Object(CInlineAction), Array)
#20 /Library/Server/Web/Data/Sites/Default/sistema/dropbox/pcmac/yii/framework/web/CWebApplication.php(282): CController->run('view')
#21 /Library/Server/Web/Data/Sites/Default/sistema/dropbox/pcmac/yii/framework/web/CWebApplication.php(141): CWebApplication->runController('ordenservicio/v...')
#22 /Library/Server/Web/Data/Sites/Default/sistema/dropbox/pcmac/yii/framework/base/CApplication.php(180): CWebApplication->processRequest()
#23 /Library/Server/Web/Data/Sites/Default/sistema/dropbox/pcmac/servicios/index.php(13): CApplication->run()
#24 {main}
REQUEST_URI=/sistema/dropbox/pcmac/servicios/index.php?r=ordenservicio/view&id=1
HTTP_REFERER=http://190.145.25.126/sistema/dropbox/pcmac/servicios/index.php?r=ordenservicio/admin
---
2014/12/29 17:16:22 [error] [exception.CHttpException.403] exception 'CHttpException' with message 'Usted no se encuentra autorizado a realizar esta acción.' in /Library/Server/Web/Data/Sites/Default/sistema/dropbox/pcmac/yii/framework/web/auth/CAccessControlFilter.php:182
Stack trace:
#0 /Library/Server/Web/Data/Sites/Default/sistema/dropbox/pcmac/yii/framework/web/auth/CAccessControlFilter.php(145): CAccessControlFilter->accessDenied(Object(CWebUser), 'Usted no se enc...')
#1 /Library/Server/Web/Data/Sites/Default/sistema/dropbox/pcmac/yii/framework/web/filters/CFilter.php(38): CAccessControlFilter->preFilter(Object(CFilterChain))
#2 /Library/Server/Web/Data/Sites/Default/sistema/dropbox/pcmac/yii/framework/web/CController.php(1145): CFilter->filter(Object(CFilterChain))
#3 /Library/Server/Web/Data/Sites/Default/sistema/dropbox/pcmac/yii/framework/web/filters/CInlineFilter.php(58): CController->filterAccessControl(Object(CFilterChain))
#4 /Library/Server/Web/Data/Sites/Default/sistema/dropbox/pcmac/yii/framework/web/filters/CFilterChain.php(130): CInlineFilter->filter(Object(CFilterChain))
#5 /Library/Server/Web/Data/Sites/Default/sistema/dropbox/pcmac/yii/framework/web/CController.php(291): CFilterChain->run()
#6 /Library/Server/Web/Data/Sites/Default/sistema/dropbox/pcmac/yii/framework/web/CController.php(265): CController->runActionWithFilters(Object(CInlineAction), Array)
#7 /Library/Server/Web/Data/Sites/Default/sistema/dropbox/pcmac/yii/framework/web/CWebApplication.php(282): CController->run('admin')
#8 /Library/Server/Web/Data/Sites/Default/sistema/dropbox/pcmac/yii/framework/web/CWebApplication.php(141): CWebApplication->runController('detalleorden/ad...')
#9 /Library/Server/Web/Data/Sites/Default/sistema/dropbox/pcmac/yii/framework/base/CApplication.php(180): CWebApplication->processRequest()
#10 /Library/Server/Web/Data/Sites/Default/sistema/dropbox/pcmac/servicios/index.php(13): CApplication->run()
#11 {main}
REQUEST_URI=/sistema/dropbox/pcmac/servicios/index.php?r=detalleorden/admin
HTTP_REFERER=http://190.145.25.126/sistema/dropbox/pcmac/servicios/index.php?r=detalleorden/create
---
2014/12/30 14:52:58 [error] [exception.CDbException] exception 'CDbException' with message 'CDbConnection failed to open the DB connection: SQLSTATE[HY000] [1049] Unknown database 'servicios'' in C:\Users\USUARIO\Dropbox\pcmac\yii\framework\db\CDbConnection.php:382
Stack trace:
#0 C:\Users\USUARIO\Dropbox\pcmac\yii\framework\db\CDbConnection.php(330): CDbConnection->open()
#1 C:\Users\USUARIO\Dropbox\pcmac\yii\framework\db\CDbConnection.php(308): CDbConnection->setActive(true)
#2 C:\Users\USUARIO\Dropbox\pcmac\yii\framework\base\CModule.php(387): CDbConnection->init()
#3 C:\Users\USUARIO\Dropbox\pcmac\yii\framework\base\CApplication.php(450): CModule->getComponent('db')
#4 C:\Users\USUARIO\Dropbox\pcmac\yii\framework\db\ar\CActiveRecord.php(634): CApplication->getDb()
#5 C:\Users\USUARIO\Dropbox\pcmac\yii\framework\db\ar\CActiveRecord.php(1428): CActiveRecord->getDbConnection()
#6 C:\Users\USUARIO\Dropbox\pcmac\yii\framework\db\ar\CActiveRecord.php(1517): CActiveRecord->getTableAlias(true)
#7 C:\Users\USUARIO\Dropbox\pcmac\servicios\protected\components\UserIdentity.php(20): CActiveRecord->findByAttributes(Array)
#8 C:\Users\USUARIO\Dropbox\pcmac\servicios\protected\models\LoginForm.php(54): UserIdentity->authenticate()
#9 C:\Users\USUARIO\Dropbox\pcmac\yii\framework\validators\CInlineValidator.php(42): LoginForm->authenticate('password', Array)
#10 C:\Users\USUARIO\Dropbox\pcmac\yii\framework\validators\CValidator.php(213): CInlineValidator->validateAttribute(Object(LoginForm), 'password')
#11 C:\Users\USUARIO\Dropbox\pcmac\yii\framework\base\CModel.php(159): CValidator->validate(Object(LoginForm), NULL)
#12 C:\Users\USUARIO\Dropbox\pcmac\servicios\protected\controllers\SiteController.php(94): CModel->validate()
#13 C:\Users\USUARIO\Dropbox\pcmac\yii\framework\web\actions\CInlineAction.php(49): SiteController->actionLogin()
#14 C:\Users\USUARIO\Dropbox\pcmac\yii\framework\web\CController.php(308): CInlineAction->runWithParams(Array)
#15 C:\Users\USUARIO\Dropbox\pcmac\yii\framework\web\CController.php(286): CController->runAction(Object(CInlineAction))
#16 C:\Users\USUARIO\Dropbox\pcmac\yii\framework\web\CController.php(265): CController->runActionWithFilters(Object(CInlineAction), Array)
#17 C:\Users\USUARIO\Dropbox\pcmac\yii\framework\web\CWebApplication.php(282): CController->run('login')
#18 C:\Users\USUARIO\Dropbox\pcmac\yii\framework\web\CWebApplication.php(141): CWebApplication->runController('site/login')
#19 C:\Users\USUARIO\Dropbox\pcmac\yii\framework\base\CApplication.php(180): CWebApplication->processRequest()
#20 C:\Users\USUARIO\Dropbox\pcmac\servicios\index.php(13): CApplication->run()
#21 {main}
REQUEST_URI=/servicios/index.php?r=site/login
HTTP_REFERER=http://localhost/servicios/index.php?r=site/login
---
2015/01/07 15:55:02 [error] [exception.CDbException] exception 'CDbException' with message 'CDbConnection failed to open the DB connection: SQLSTATE[HY000] [1049] Unknown database 'servicios'' in C:\Users\USUARIO\Dropbox\pcmac\yii\framework\db\CDbConnection.php:382
Stack trace:
#0 C:\Users\USUARIO\Dropbox\pcmac\yii\framework\db\CDbConnection.php(330): CDbConnection->open()
#1 C:\Users\USUARIO\Dropbox\pcmac\yii\framework\db\CDbConnection.php(308): CDbConnection->setActive(true)
#2 C:\Users\USUARIO\Dropbox\pcmac\yii\framework\base\CModule.php(387): CDbConnection->init()
#3 C:\Users\USUARIO\Dropbox\pcmac\yii\framework\web\auth\CDbAuthManager.php(589): CModule->getComponent('db')
#4 C:\Users\USUARIO\Dropbox\pcmac\yii\framework\web\auth\CDbAuthManager.php(59): CDbAuthManager->getDbConnection()
#5 C:\Users\USUARIO\Dropbox\pcmac\yii\framework\base\CModule.php(387): CDbAuthManager->init()
#6 C:\Users\USUARIO\Dropbox\pcmac\yii\framework\web\CWebApplication.php(185): CModule->getComponent('authManager')
#7 C:\Users\USUARIO\Dropbox\pcmac\yii\framework\web\auth\CWebUser.php(815): CWebApplication->getAuthManager()
#8 C:\Users\USUARIO\Dropbox\pcmac\servicios\themes\abound\views\layouts\tpl_navigation.php(21): CWebUser->checkAccess('admin')
#9 C:\Users\USUARIO\Dropbox\pcmac\servicios\themes\abound\views\layouts\main.php(55): require_once('C:\\Users\\USUARI...')
#10 C:\Users\USUARIO\Dropbox\pcmac\yii\framework\web\CBaseController.php(126): require('C:\\Users\\USUARI...')
#11 C:\Users\USUARIO\Dropbox\pcmac\yii\framework\web\CBaseController.php(95): CBaseController->renderInternal('C:\\Users\\USUARI...', Array, true)
#12 C:\Users\USUARIO\Dropbox\pcmac\yii\framework\web\widgets\CContentDecorator.php(76): CBaseController->renderFile('C:\\Users\\USUARI...', Array, true)
#13 C:\Users\USUARIO\Dropbox\pcmac\yii\framework\web\widgets\CContentDecorator.php(54): CContentDecorator->decorate('<div id="conten...')
#14 C:\Users\USUARIO\Dropbox\pcmac\yii\framework\web\widgets\COutputProcessor.php(44): CContentDecorator->processOutput('<div id="conten...')
#15 C:\Users\USUARIO\Dropbox\pcmac\yii\framework\web\CBaseController.php(206): COutputProcessor->run()
#16 C:\Users\USUARIO\Dropbox\pcmac\yii\framework\web\CBaseController.php(300): CBaseController->endWidget('CContentDecorat...')
#17 C:\Users\USUARIO\Dropbox\pcmac\servicios\themes\abound\views\layouts\column1.php(14): CBaseController->endContent()
#18 C:\Users\USUARIO\Dropbox\pcmac\yii\framework\web\CBaseController.php(126): require('C:\\Users\\USUARI...')
#19 C:\Users\USUARIO\Dropbox\pcmac\yii\framework\web\CBaseController.php(95): CBaseController->renderInternal('C:\\Users\\USUARI...', Array, true)
#20 C:\Users\USUARIO\Dropbox\pcmac\yii\framework\web\CController.php(784): CBaseController->renderFile('C:\\Users\\USUARI...', Array, true)
#21 C:\Users\USUARIO\Dropbox\pcmac\servicios\protected\controllers\SiteController.php(32): CController->render('index')
#22 C:\Users\USUARIO\Dropbox\pcmac\yii\framework\web\actions\CInlineAction.php(49): SiteController->actionIndex()
#23 C:\Users\USUARIO\Dropbox\pcmac\yii\framework\web\CController.php(308): CInlineAction->runWithParams(Array)
#24 C:\Users\USUARIO\Dropbox\pcmac\yii\framework\web\CController.php(286): CController->runAction(Object(CInlineAction))
#25 C:\Users\USUARIO\Dropbox\pcmac\yii\framework\web\CController.php(265): CController->runActionWithFilters(Object(CInlineAction), Array)
#26 C:\Users\USUARIO\Dropbox\pcmac\yii\framework\web\CWebApplication.php(282): CController->run('')
#27 C:\Users\USUARIO\Dropbox\pcmac\yii\framework\web\CWebApplication.php(141): CWebApplication->runController('')
#28 C:\Users\USUARIO\Dropbox\pcmac\yii\framework\base\CApplication.php(180): CWebApplication->processRequest()
#29 C:\Users\USUARIO\Dropbox\pcmac\servicios\index.php(13): CApplication->run()
#30 {main}
REQUEST_URI=/servicios/
HTTP_REFERER=http://localhost/
---
